# JRE version: OpenJDK Runtime Environment (11.0.11+9) (build 11.0.11+9-b60-7590822)
# Java VM: OpenJDK 64-Bit Server VM (11.0.11+9-b60-7590822, mixed mode, tiered, compressed oops, g1 gc, windows-amd64)
Heap:
 garbage-first heap   total 251904K, used 130150K [0x0000000080000000, 0x0000000100000000)
  region size 1024K, 23 young (23552K), 9 survivors (9216K)
 Metaspace       used 98013K, capacity 100834K, committed 102384K, reserved 1138688K
  class space    used 12534K, capacity 13537K, committed 14104K, reserved 1048576K
GC Heap History (20 events):
Event: 4.911 GC heap before
{Heap before GC invocations=4 (full 0):
 garbage-first heap   total 251904K, used 109286K [0x0000000080000000, 0x0000000100000000)
  region size 1024K, 83 young (84992K), 3 survivors (3072K)
 Metaspace       used 35032K, capacity 35974K, committed 36048K, reserved 1081344K
  class space    used 4556K, capacity 4924K, committed 4940K, reserved 1048576K
}
Event: 4.920 GC heap after
{Heap after GC invocations=5 (full 0):
 garbage-first heap   total 251904K, used 34939K [0x0000000080000000, 0x0000000100000000)
  region size 1024K, 9 young (9216K), 9 survivors (9216K)
 Metaspace       used 35032K, capacity 35974K, committed 36048K, reserved 1081344K
  class space    used 4556K, capacity 4924K, committed 4940K, reserved 1048576K
}
Event: 6.080 GC heap before
{Heap before GC invocations=6 (full 0):
 garbage-first heap   total 251904K, used 147579K [0x0000000080000000, 0x0000000100000000)
  region size 1024K, 113 young (115712K), 9 survivors (9216K)
 Metaspace       used 45087K, capacity 46472K, committed 46748K, reserved 1089536K
  class space    used 5659K, capacity 6106K, committed 6168K, reserved 1048576K
}
Event: 6.088 GC heap after
{Heap after GC invocations=7 (full 0):
 garbage-first heap   total 251904K, used 46806K [0x0000000080000000, 0x0000000100000000)
  region size 1024K, 15 young (15360K), 15 survivors (15360K)
 Metaspace       used 45087K, capacity 46472K, committed 46748K, reserved 1089536K
  class space    used 5659K, capacity 6106K, committed 6168K, reserved 1048576K
}
Event: 7.169 GC heap before
{Heap before GC invocations=7 (full 0):
 garbage-first heap   total 251904K, used 162518K [0x0000000080000000, 0x0000000100000000)
  region size 1024K, 124 young (126976K), 15 survivors (15360K)
 Metaspace       used 50627K, capacity 52222K, committed 52508K, reserved 1095680K
  class space    used 6472K, capacity 6972K, committed 7064K, reserved 1048576K
}
Event: 7.178 GC heap after
{Heap after GC invocations=8 (full 0):
 garbage-first heap   total 251904K, used 57816K [0x0000000080000000, 0x0000000100000000)
  region size 1024K, 15 young (15360K), 15 survivors (15360K)
 Metaspace       used 50627K, capacity 52222K, committed 52508K, reserved 1095680K
  class space    used 6472K, capacity 6972K, committed 7064K, reserved 1048576K
}
Event: 8.211 GC heap before
{Heap before GC invocations=8 (full 0):
 garbage-first heap   total 251904K, used 147928K [0x0000000080000000, 0x0000000100000000)
  region size 1024K, 100 young (102400K), 15 survivors (15360K)
 Metaspace       used 58775K, capacity 60589K, committed 60636K, reserved 1101824K
  class space    used 7446K, capacity 8043K, committed 8088K, reserved 1048576K
}
Event: 8.228 GC heap after
{Heap after GC invocations=9 (full 0):
 garbage-first heap   total 251904K, used 71439K [0x0000000080000000, 0x0000000100000000)
  region size 1024K, 15 young (15360K), 15 survivors (15360K)
 Metaspace       used 58775K, capacity 60589K, committed 60636K, reserved 1101824K
  class space    used 7446K, capacity 8043K, committed 8088K, reserved 1048576K
}
Event: 9.281 GC heap before
{Heap before GC invocations=10 (full 0):
 garbage-first heap   total 251904K, used 182031K [0x0000000080000000, 0x0000000100000000)
  region size 1024K, 123 young (125952K), 15 survivors (15360K)
 Metaspace       used 67129K, capacity 69081K, committed 69212K, reserved 1110016K
  class space    used 8532K, capacity 9197K, committed 9240K, reserved 1048576K
}
Event: 9.292 GC heap after
{Heap after GC invocations=11 (full 0):
 garbage-first heap   total 251904K, used 79872K [0x0000000080000000, 0x0000000100000000)
  region size 1024K, 16 young (16384K), 16 survivors (16384K)
 Metaspace       used 67129K, capacity 69081K, committed 69212K, reserved 1110016K
  class space    used 8532K, capacity 9197K, committed 9240K, reserved 1048576K
}
Event: 10.719 GC heap before
{Heap before GC invocations=11 (full 0):
 garbage-first heap   total 251904K, used 196608K [0x0000000080000000, 0x0000000100000000)
  region size 1024K, 122 young (124928K), 16 survivors (16384K)
 Metaspace       used 76710K, capacity 78906K, committed 79196K, reserved 1118208K
  class space    used 9954K, capacity 10703K, committed 10776K, reserved 1048576K
}
Event: 10.729 GC heap after
{Heap after GC invocations=12 (full 0):
 garbage-first heap   total 251904K, used 97673K [0x0000000080000000, 0x0000000100000000)
  region size 1024K, 16 young (16384K), 16 survivors (16384K)
 Metaspace       used 76710K, capacity 78906K, committed 79196K, reserved 1118208K
  class space    used 9954K, capacity 10703K, committed 10776K, reserved 1048576K
}
Event: 11.817 GC heap before
{Heap before GC invocations=12 (full 0):
 garbage-first heap   total 251904K, used 195977K [0x0000000080000000, 0x0000000100000000)
  region size 1024K, 111 young (113664K), 16 survivors (16384K)
 Metaspace       used 87732K, capacity 89955K, committed 90204K, reserved 1128448K
  class space    used 11294K, capacity 12045K, committed 12056K, reserved 1048576K
}
Event: 11.830 GC heap after
{Heap after GC invocations=13 (full 0):
 garbage-first heap   total 251904K, used 103988K [0x0000000080000000, 0x0000000100000000)
  region size 1024K, 7 young (7168K), 7 survivors (7168K)
 Metaspace       used 87732K, capacity 89955K, committed 90204K, reserved 1128448K
  class space    used 11294K, capacity 12045K, committed 12056K, reserved 1048576K
}
Event: 12.926 GC heap before
{Heap before GC invocations=13 (full 0):
 garbage-first heap   total 251904K, used 198196K [0x0000000080000000, 0x0000000100000000)
  region size 1024K, 100 young (102400K), 7 survivors (7168K)
 Metaspace       used 91257K, capacity 94133K, committed 94428K, reserved 1130496K
  class space    used 11838K, capacity 12839K, committed 12952K, reserved 1048576K
}
Event: 12.933 GC heap after
{Heap after GC invocations=14 (full 0):
 garbage-first heap   total 251904K, used 109209K [0x0000000080000000, 0x0000000100000000)
  region size 1024K, 12 young (12288K), 12 survivors (12288K)
 Metaspace       used 91257K, capacity 94133K, committed 94428K, reserved 1130496K
  class space    used 11838K, capacity 12839K, committed 12952K, reserved 1048576K
}
Event: 48.357 GC heap before
{Heap before GC invocations=14 (full 0):
 garbage-first heap   total 251904K, used 200345K [0x0000000080000000, 0x0000000100000000)
  region size 1024K, 102 young (104448K), 12 survivors (12288K)
 Metaspace       used 97325K, capacity 100644K, committed 100700K, reserved 1136640K
  class space    used 12627K, capacity 13840K, committed 13848K, reserved 1048576K
}
Event: 48.366 GC heap after
{Heap after GC invocations=15 (full 0):
 garbage-first heap   total 251904K, used 114788K [0x0000000080000000, 0x0000000100000000)
  region size 1024K, 7 young (7168K), 7 survivors (7168K)
 Metaspace       used 97325K, capacity 100644K, committed 100700K, reserved 1136640K
  class space    used 12627K, capacity 13840K, committed 13848K, reserved 1048576K
}
Event: 48.616 GC heap before
{Heap before GC invocations=15 (full 0):
 garbage-first heap   total 251904K, used 131172K [0x0000000080000000, 0x0000000100000000)
  region size 1024K, 25 young (25600K), 7 survivors (7168K)
 Metaspace       used 98150K, capacity 101434K, committed 101488K, reserved 1136640K
  class space    used 12718K, capacity 13948K, committed 13976K, reserved 1048576K
}
Event: 48.633 GC heap after
{Heap after GC invocations=16 (full 0):
 garbage-first heap   total 251904K, used 116838K [0x0000000080000000, 0x0000000100000000)
  region size 1024K, 9 young (9216K), 9 survivors (9216K)
 Metaspace       used 98150K, capacity 101434K, committed 101488K, reserved 1136640K
  class space    used 12718K, capacity 13948K, committed 13976K, reserved 1048576K
}

